{
  "Unit Tests": {
    "coverage": {
      "/Users/akaing/Coding/rails/myflix/app/helpers/application_helper.rb": [
        1,
        1,
        0,
        0,
        null,
        null,
        1,
        0,
        null,
        null
      ],
      "/Users/akaing/Coding/rails/myflix/app/controllers/categories_controller.rb": [
        1,
        1,
        1,
        0,
        null,
        null
      ],
      "/Users/akaing/Coding/rails/myflix/app/controllers/application_controller.rb": [
        1,
        1,
        null,
        1,
        null,
        1,
        0,
        null,
        null,
        1,
        null,
        0,
        null,
        null,
        1,
        0,
        0,
        0,
        null,
        null,
        null
      ],
      "/Users/akaing/Coding/rails/myflix/app/controllers/forgot_passwords_controller.rb": [
        1,
        1,
        0,
        0,
        0,
        0,
        null,
        0,
        0,
        null,
        null,
        null
      ],
      "/Users/akaing/Coding/rails/myflix/app/controllers/invitations_controller.rb": [
        1,
        1,
        null,
        1,
        0,
        null,
        null,
        1,
        0,
        0,
        0,
        0,
        0,
        null,
        0,
        0,
        null,
        null,
        null,
        1,
        null,
        1,
        0,
        null,
        null
      ],
      "/Users/akaing/Coding/rails/myflix/app/controllers/pages_controller.rb": [
        1,
        1,
        0,
        0,
        null,
        0,
        null,
        null,
        null
      ],
      "/Users/akaing/Coding/rails/myflix/app/controllers/password_resets_controller.rb": [
        1,
        1,
        0,
        0,
        0,
        null,
        0,
        null,
        null,
        null,
        1,
        0,
        0,
        0,
        0,
        0,
        0,
        0,
        null,
        0,
        null,
        null,
        null
      ],
      "/Users/akaing/Coding/rails/myflix/app/controllers/queue_items_controller.rb": [
        1,
        1,
        null,
        1,
        0,
        null,
        null,
        1,
        0,
        0,
        0,
        null,
        null,
        1,
        0,
        0,
        0,
        null,
        0,
        null,
        0,
        null,
        null,
        1,
        0,
        0,
        null,
        null,
        1,
        null,
        1,
        0,
        null,
        null,
        null,
        0,
        null,
        null,
        1,
        0,
        null,
        null,
        1,
        0,
        null,
        null,
        1,
        0,
        0,
        0,
        0,
        null,
        null,
        null,
        1,
        0,
        0,
        0,
        0,
        null,
        null,
        null,
        null
      ],
      "/Users/akaing/Coding/rails/myflix/app/controllers/relationships_controller.rb": [
        1,
        1,
        null,
        1,
        0,
        null,
        null,
        1,
        0,
        0,
        0,
        null,
        0,
        null,
        0,
        null,
        null,
        1,
        0,
        0,
        0,
        null,
        0,
        null,
        0,
        null,
        null,
        null,
        null
      ],
      "/Users/akaing/Coding/rails/myflix/app/controllers/reviews_controller.rb": [
        1,
        1,
        1,
        0,
        0,
        0,
        null,
        0,
        0,
        0,
        null,
        null,
        null,
        1,
        null,
        1,
        0,
        null,
        null
      ],
      "/Users/akaing/Coding/rails/myflix/app/controllers/sessions_controller.rb": [
        1,
        1,
        null,
        1,
        0,
        null,
        null,
        1,
        0,
        null,
        0,
        0,
        null,
        0,
        0,
        null,
        null,
        null,
        1,
        0,
        0,
        null,
        null,
        1,
        null,
        1,
        0,
        0,
        null,
        null
      ],
      "/Users/akaing/Coding/rails/myflix/app/controllers/users_controller.rb": [
        1,
        1,
        null,
        1,
        0,
        0,
        null,
        null,
        1,
        0,
        0,
        0,
        0,
        0,
        0,
        null,
        0,
        0,
        null,
        0,
        null,
        null,
        null,
        1,
        0,
        null,
        null,
        1,
        0,
        0,
        0,
        0,
        0,
        null,
        0,
        null,
        null,
        null,
        1,
        null,
        1,
        0,
        null,
        null
      ],
      "/Users/akaing/Coding/rails/myflix/app/controllers/videos_controller.rb": [
        1,
        1,
        null,
        1,
        0,
        0,
        null,
        null,
        1,
        0,
        0,
        null,
        null,
        1,
        0,
        null,
        null
      ],
      "/Users/akaing/Coding/rails/myflix/app/models/category.rb": [
        1,
        1,
        null,
        1,
        null,
        1,
        0,
        null,
        null
      ],
      "/Users/akaing/Coding/rails/myflix/app/models/invitation.rb": [
        1,
        1,
        null,
        1,
        null,
        1,
        null,
        1,
        0,
        null,
        null
      ],
      "/Users/akaing/Coding/rails/myflix/app/models/queue_item.rb": [
        1,
        1,
        1,
        null,
        1,
        1,
        1,
        null,
        1,
        1,
        null,
        1,
        0,
        null,
        null,
        1,
        0,
        0,
        0,
        null,
        0,
        null,
        null,
        0,
        0,
        null,
        null,
        null,
        1,
        0,
        null,
        null,
        1,
        null,
        1,
        0,
        null,
        null
      ],
      "/Users/akaing/Coding/rails/myflix/app/models/review.rb": [
        1,
        1,
        1,
        null,
        1,
        null
      ],
      "/Users/akaing/Coding/rails/myflix/app/models/user.rb": [
        1,
        1,
        1,
        1,
        1,
        null,
        1,
        null,
        1,
        1,
        1,
        null,
        1,
        null,
        1,
        0,
        0,
        null,
        null,
        null,
        1,
        0,
        null,
        null,
        1,
        0,
        null,
        null,
        null,
        1,
        0,
        null,
        null,
        1,
        0,
        null,
        null,
        1,
        0,
        null,
        null
      ],
      "/Users/akaing/Coding/rails/myflix/app/models/video.rb": [
        1,
        1,
        1,
        1,
        null,
        null,
        null,
        1,
        0,
        0,
        null,
        null,
        0,
        null,
        null,
        1,
        0,
        0,
        0,
        0,
        null,
        0,
        null,
        null,
        1,
        0,
        0,
        0,
        0,
        0,
        null,
        0,
        0,
        null,
        null,
        0,
        0,
        0,
        null,
        null,
        null,
        null
      ]
    },
    "timestamp": 1388889825
  },
  "RSpec": {
    "coverage": {
      "/Users/akaing/Coding/rails/myflix/app/helpers/application_helper.rb": [
        1,
        1,
        1,
        1,
        null,
        null,
        1,
        114,
        null,
        null
      ],
      "/Users/akaing/Coding/rails/myflix/app/controllers/categories_controller.rb": [
        1,
        1,
        1,
        1,
        null,
        null
      ],
      "/Users/akaing/Coding/rails/myflix/app/controllers/application_controller.rb": [
        1,
        1,
        null,
        1,
        null,
        1,
        406,
        null,
        null,
        1,
        null,
        253,
        null,
        null,
        1,
        112,
        17,
        17,
        null,
        null,
        null
      ],
      "/Users/akaing/Coding/rails/myflix/app/controllers/forgot_passwords_controller.rb": [
        1,
        1,
        9,
        9,
        4,
        4,
        null,
        5,
        5,
        null,
        null,
        null
      ],
      "/Users/akaing/Coding/rails/myflix/app/controllers/invitations_controller.rb": [
        1,
        1,
        null,
        1,
        1,
        null,
        null,
        1,
        9,
        9,
        4,
        4,
        4,
        null,
        5,
        5,
        null,
        null,
        null,
        1,
        null,
        1,
        9,
        null,
        null
      ],
      "/Users/akaing/Coding/rails/myflix/app/controllers/pages_controller.rb": [
        1,
        1,
        3,
        1,
        null,
        2,
        null,
        null,
        null
      ],
      "/Users/akaing/Coding/rails/myflix/app/controllers/password_resets_controller.rb": [
        1,
        1,
        6,
        6,
        4,
        null,
        2,
        null,
        null,
        null,
        1,
        7,
        7,
        6,
        6,
        6,
        6,
        6,
        null,
        1,
        null,
        null,
        null
      ],
      "/Users/akaing/Coding/rails/myflix/app/controllers/queue_items_controller.rb": [
        1,
        1,
        null,
        1,
        7,
        null,
        null,
        1,
        10,
        10,
        10,
        null,
        null,
        1,
        9,
        9,
        6,
        null,
        3,
        null,
        9,
        null,
        null,
        1,
        4,
        4,
        null,
        null,
        1,
        null,
        1,
        9,
        null,
        null,
        null,
        10,
        null,
        null,
        1,
        9,
        null,
        null,
        1,
        10,
        null,
        null,
        1,
        4,
        4,
        3,
        3,
        null,
        null,
        null,
        1,
        9,
        9,
        20,
        20,
        null,
        null,
        null,
        null
      ],
      "/Users/akaing/Coding/rails/myflix/app/controllers/relationships_controller.rb": [
        1,
        1,
        null,
        1,
        5,
        null,
        null,
        1,
        6,
        6,
        4,
        null,
        2,
        null,
        6,
        null,
        null,
        1,
        4,
        4,
        3,
        null,
        1,
        null,
        4,
        null,
        null,
        null,
        null
      ],
      "/Users/akaing/Coding/rails/myflix/app/controllers/reviews_controller.rb": [
        1,
        1,
        1,
        7,
        7,
        3,
        null,
        4,
        4,
        4,
        null,
        null,
        null,
        1,
        null,
        1,
        7,
        null,
        null
      ],
      "/Users/akaing/Coding/rails/myflix/app/controllers/sessions_controller.rb": [
        1,
        1,
        null,
        1,
        12,
        null,
        null,
        1,
        13,
        null,
        13,
        10,
        null,
        3,
        3,
        null,
        null,
        null,
        1,
        3,
        3,
        null,
        null,
        1,
        null,
        1,
        10,
        10,
        null,
        null
      ],
      "/Users/akaing/Coding/rails/myflix/app/controllers/users_controller.rb": [
        1,
        1,
        null,
        1,
        3,
        3,
        null,
        null,
        1,
        13,
        13,
        8,
        8,
        8,
        null,
        5,
        null,
        null,
        null,
        1,
        6,
        null,
        null,
        1,
        4,
        4,
        3,
        3,
        3,
        null,
        1,
        null,
        null,
        null,
        1,
        null,
        1,
        13,
        null,
        null,
        1,
        8,
        3,
        3,
        3,
        null,
        null,
        null
      ],
      "/Users/akaing/Coding/rails/myflix/app/controllers/videos_controller.rb": [
        1,
        1,
        null,
        1,
        11,
        11,
        null,
        null,
        1,
        10,
        10,
        null,
        null,
        1,
        2,
        null,
        null
      ],
      "/Users/akaing/Coding/rails/myflix/app/models/category.rb": [
        1,
        49,
        null,
        1,
        null,
        1,
        47,
        null,
        null
      ],
      "/Users/akaing/Coding/rails/myflix/app/models/invitation.rb": [
        1,
        1,
        null,
        1,
        null,
        1,
        null,
        1,
        10,
        null,
        null
      ],
      "/Users/akaing/Coding/rails/myflix/app/models/queue_item.rb": [
        1,
        1,
        1,
        null,
        1,
        1,
        1,
        null,
        1,
        1,
        null,
        1,
        17,
        null,
        null,
        1,
        22,
        5,
        3,
        null,
        2,
        null,
        null,
        17,
        17,
        null,
        null,
        null,
        1,
        13,
        null,
        null,
        1,
        null,
        1,
        54,
        null,
        null
      ],
      "/Users/akaing/Coding/rails/myflix/app/models/review.rb": [
        1,
        1,
        1,
        null,
        1,
        null
      ],
      "/Users/akaing/Coding/rails/myflix/app/models/user.rb": [
        1,
        6,
        56,
        1,
        1,
        null,
        1,
        null,
        1,
        1,
        1,
        null,
        1,
        null,
        1,
        9,
        20,
        null,
        null,
        null,
        1,
        9,
        null,
        null,
        1,
        11,
        null,
        null,
        null,
        1,
        27,
        null,
        null,
        1,
        21,
        null,
        null,
        1,
        146,
        null,
        null
      ],
      "/Users/akaing/Coding/rails/myflix/app/models/video.rb": [
        1,
        20,
        1,
        1,
        null,
        null,
        null,
        1,
        17,
        7,
        null,
        null,
        10,
        null,
        null,
        1,
        4,
        4,
        15,
        15,
        null,
        4,
        null,
        null,
        1,
        12,
        12,
        12,
        14,
        0,
        null,
        14,
        14,
        null,
        null,
        12,
        8,
        8,
        null,
        null,
        null,
        null
      ],
      "/Users/akaing/Coding/rails/myflix/app/models/relationship.rb": [
        1,
        1,
        1,
        null,
        1,
        null
      ],
      "/Users/akaing/Coding/rails/myflix/app/mailers/app_mailers.rb": [
        1,
        1,
        8,
        8,
        null,
        null,
        1,
        4,
        4,
        null,
        null,
        1,
        4,
        4,
        null,
        null
      ],
      "/Users/akaing/Coding/rails/myflix/app/models/search_result.rb": [
        1,
        1,
        null,
        1,
        5,
        null,
        null,
        1,
        21,
        21,
        null,
        null,
        1,
        1,
        null,
        null
      ]
    },
    "timestamp": 1388901715
  }
}
